
--- Test: 2 Particles Overlap ---
Generated 500 points for shape type 0.
Simulation initialized. Seeding particles...
WARNING: Particles have w=0.0 (infinite mass), forcing to 1.0
DEBUG: Found collision: 1 and 0 (slot 0)
DEBUG: Found collision: 0 and 1 (slot 1)
DEBUG: Solver small case num_contacts = 2
DEBUG: Delta i=(0.249988 0.000000 0.000000)
DEBUG: PosStar i=(1.749987 -0.000980 0.000000)
DEBUG: Solver small case num_contacts = 2
DEBUG: Delta i=(0.000013 0.000000 0.000000)
DEBUG: PosStar i=(1.750000 -0.000980 0.000000)
DEBUG: Solver small case num_contacts = 2
DEBUG: Solver small case num_contacts = 2
DEBUG: Solver small case num_contacts = 2
DEBUG: Solver small case num_contacts = 2
DEBUG: Solver small case num_contacts = 2
DEBUG: Solver small case num_contacts = 2
DEBUG: Solver small case num_contacts = 2
DEBUG: Solver small case num_contacts = 2
DEBUG: Solver small case num_contacts = 2
DEBUG: Solver small case num_contacts = 2
DEBUG: Solver small case num_contacts = 2
DEBUG: Solver small case num_contacts = 2
DEBUG: Solver small case num_contacts = 2
DEBUG: Solver small case num_contacts = 2
DEBUG: Solver small case num_contacts = 2
DEBUG: Solver small case num_contacts = 2
DEBUG: Solver small case num_contacts = 2
DEBUG: Solver small case num_contacts = 2
Final Dist: 2.0000
PASS: Pushed apart.

--- Testing Density 0.4 (N=125) ---
Box Size L=10.939
Generated 500 points for shape type 0.
Simulation initialized. Seeding particles...
DEBUG: Found collision: 0 and 245 (slot 0)
DEBUG: Found collision: 1 and 246 (slot 1)
DEBUG: Found collision: 4 and 249 (slot 2)
DEBUG: Found collision: 5 and 165 (slot 3)
DEBUG: Found collision: 26 and 201 (slot 4)
DEBUG: Found collision: 0 and 245 (slot 0)
DEBUG: Found collision: 1 and 246 (slot 1)
DEBUG: Found collision: 4 and 249 (slot 2)
DEBUG: Found collision: 5 and 165 (slot 3)
DEBUG: Found collision: 26 and 190 (slot 4)
DEBUG: Found collision: 0 and 245 (slot 0)
DEBUG: Found collision: 1 and 246 (slot 1)
DEBUG: Found collision: 4 and 249 (slot 2)
DEBUG: Found collision: 5 and 165 (slot 3)
DEBUG: Found collision: 26 and 190 (slot 4)
DEBUG: Found collision: 0 and 245 (slot 0)
DEBUG: Found collision: 1 and 246 (slot 1)
DEBUG: Found collision: 4 and 249 (slot 2)
DEBUG: Found collision: 5 and 165 (slot 3)
DEBUG: Found collision: 26 and 190 (slot 4)
DEBUG: Found collision: 0 and 245 (slot 0)
DEBUG: Found collision: 1 and 246 (slot 1)
DEBUG: Found collision: 4 and 249 (slot 2)
DEBUG: Found collision: 5 and 154 (slot 3)
DEBUG: Found collision: 26 and 190 (slot 4)
DEBUG: Found collision: 0 and 245 (slot 0)
DEBUG: Found collision: 1 and 246 (slot 1)
DEBUG: Found collision: 4 and 249 (slot 2)
DEBUG: Found collision: 5 and 154 (slot 3)
DEBUG: Found collision: 26 and 216 (slot 4)
DEBUG: Found collision: 0 and 245 (slot 0)
DEBUG: Found collision: 1 and 246 (slot 1)
DEBUG: Found collision: 4 and 249 (slot 2)
DEBUG: Found collision: 5 and 165 (slot 3)
DEBUG: Found collision: 26 and 190 (slot 4)
DEBUG: Found collision: 0 and 245 (slot 0)
DEBUG: Found collision: 1 and 246 (slot 1)
DEBUG: Found collision: 4 and 249 (slot 2)
DEBUG: Found collision: 5 and 154 (slot 3)
DEBUG: Found collision: 26 and 201 (slot 4)
DEBUG: Found collision: 0 and 245 (slot 0)
DEBUG: Found collision: 1 and 246 (slot 1)
DEBUG: Found collision: 4 and 249 (slot 2)
DEBUG: Found collision: 5 and 154 (slot 3)
DEBUG: Found collision: 26 and 190 (slot 4)
DEBUG: Found collision: 0 and 245 (slot 2)
DEBUG: Found collision: 1 and 246 (slot 3)
DEBUG: Found collision: 4 and 249 (slot 4)
DEBUG: Found collision: 51 and 215 (slot 0)
DEBUG: Found collision: 55 and 135 (slot 1)
DEBUG: Found collision: 0 and 245 (slot 0)
DEBUG: Found collision: 1 and 246 (slot 1)
DEBUG: Found collision: 4 and 249 (slot 2)
DEBUG: Found collision: 5 and 153 (slot 3)
DEBUG: Found collision: 26 and 201 (slot 4)
DEBUG: Found collision: 0 and 245 (slot 0)
DEBUG: Found collision: 1 and 246 (slot 1)
DEBUG: Found collision: 4 and 249 (slot 2)
DEBUG: Found collision: 5 and 154 (slot 3)
DEBUG: Found collision: 26 and 190 (slot 4)
DEBUG: Found collision: 0 and 245 (slot 0)
DEBUG: Found collision: 1 and 246 (slot 1)
DEBUG: Found collision: 4 and 249 (slot 2)
DEBUG: Found collision: 5 and 154 (slot 3)
DEBUG: Found collision: 26 and 216 (slot 4)
DEBUG: Found collision: 0 and 245 (slot 0)
DEBUG: Found collision: 1 and 246 (slot 1)
DEBUG: Found collision: 4 and 249 (slot 2)
DEBUG: Found collision: 5 and 165 (slot 3)
DEBUG: Found collision: 26 and 190 (slot 4)
DEBUG: Found collision: 0 and 245 (slot 0)
DEBUG: Found collision: 1 and 246 (slot 1)
DEBUG: Found collision: 4 and 249 (slot 2)
DEBUG: Found collision: 5 and 165 (slot 3)
DEBUG: Found collision: 26 and 190 (slot 4)
DEBUG: Found collision: 0 and 245 (slot 0)
DEBUG: Found collision: 1 and 246 (slot 1)
DEBUG: Found collision: 4 and 249 (slot 2)
DEBUG: Found collision: 5 and 154 (slot 3)
DEBUG: Found collision: 26 and 216 (slot 4)
DEBUG: Found collision: 0 and 245 (slot 0)
DEBUG: Found collision: 1 and 246 (slot 1)
DEBUG: Found collision: 4 and 249 (slot 2)
DEBUG: Found collision: 5 and 154 (slot 3)
DEBUG: Found collision: 26 and 201 (slot 4)
DEBUG: Found collision: 0 and 245 (slot 0)
DEBUG: Found collision: 1 and 246 (slot 1)
DEBUG: Found collision: 4 and 249 (slot 2)
DEBUG: Found collision: 5 and 165 (slot 3)
DEBUG: Found collision: 26 and 190 (slot 4)
DEBUG: Found collision: 0 and 245 (slot 0)
DEBUG: Found collision: 1 and 246 (slot 1)
DEBUG: Found collision: 4 and 249 (slot 2)
DEBUG: Found collision: 5 and 154 (slot 3)
DEBUG: Found collision: 26 and 216 (slot 4)
DEBUG: Found collision: 0 and 245 (slot 0)
DEBUG: Found collision: 1 and 246 (slot 1)
DEBUG: Found collision: 4 and 249 (slot 2)
DEBUG: Found collision: 5 and 154 (slot 3)
DEBUG: Found collision: 26 and 216 (slot 4)
DEBUG: Found collision: 0 and 245 (slot 0)
DEBUG: Found collision: 1 and 246 (slot 1)
DEBUG: Found collision: 4 and 249 (slot 2)
DEBUG: Found collision: 5 and 154 (slot 3)
DEBUG: Found collision: 26 and 190 (slot 4)
DEBUG: Found collision: 0 and 245 (slot 0)
DEBUG: Found collision: 1 and 246 (slot 1)
DEBUG: Found collision: 4 and 249 (slot 2)
DEBUG: Found collision: 5 and 154 (slot 3)
DEBUG: Found collision: 26 and 190 (slot 4)
DEBUG: Found collision: 0 and 245 (slot 0)
DEBUG: Found collision: 1 and 246 (slot 1)
DEBUG: Found collision: 4 and 249 (slot 2)
DEBUG: Found collision: 5 and 154 (slot 3)
DEBUG: Found collision: 26 and 201 (slot 4)
DEBUG: Found collision: 0 and 245 (slot 0)
DEBUG: Found collision: 1 and 246 (slot 1)
DEBUG: Found collision: 4 and 249 (slot 2)
DEBUG: Found collision: 5 and 154 (slot 3)
DEBUG: Found collision: 26 and 216 (slot 4)
DEBUG: Found collision: 0 and 245 (slot 0)
DEBUG: Found collision: 1 and 246 (slot 1)
DEBUG: Found collision: 4 and 249 (slot 2)
DEBUG: Found collision: 5 and 128 (slot 3)
DEBUG: Found collision: 26 and 205 (slot 4)
DEBUG: Found collision: 0 and 245 (slot 0)
DEBUG: Found collision: 1 and 246 (slot 1)
DEBUG: Found collision: 4 and 249 (slot 2)
DEBUG: Found collision: 5 and 165 (slot 3)
DEBUG: Found collision: 26 and 190 (slot 4)
DEBUG: Found collision: 0 and 245 (slot 0)
DEBUG: Found collision: 1 and 246 (slot 1)
DEBUG: Found collision: 4 and 249 (slot 2)
DEBUG: Found collision: 5 and 154 (slot 3)
DEBUG: Found collision: 26 and 190 (slot 4)
DEBUG: Found collision: 0 and 245 (slot 0)
DEBUG: Found collision: 1 and 246 (slot 1)
DEBUG: Found collision: 4 and 249 (slot 2)
DEBUG: Found collision: 5 and 154 (slot 3)
DEBUG: Found collision: 26 and 201 (slot 4)
DEBUG: Found collision: 0 and 245 (slot 0)
DEBUG: Found collision: 1 and 246 (slot 1)
DEBUG: Found collision: 4 and 249 (slot 2)
DEBUG: Found collision: 5 and 165 (slot 3)
DEBUG: Found collision: 26 and 190 (slot 4)
DEBUG: Found collision: 0 and 245 (slot 0)
DEBUG: Found collision: 1 and 246 (slot 1)
DEBUG: Found collision: 4 and 249 (slot 2)
DEBUG: Found collision: 5 and 154 (slot 3)
DEBUG: Found collision: 26 and 190 (slot 4)
DEBUG: Found collision: 0 and 245 (slot 0)
DEBUG: Found collision: 1 and 246 (slot 1)
DEBUG: Found collision: 4 and 249 (slot 2)
DEBUG: Found collision: 5 and 154 (slot 3)
DEBUG: Found collision: 26 and 201 (slot 4)
DEBUG: Found collision: 40 and 143 (slot 3)
DEBUG: Found collision: 51 and 200 (slot 4)
DEBUG: Found collision: 1 and 216 (slot 0)
DEBUG: Found collision: 15 and 158 (slot 1)
DEBUG: Found collision: 26 and 190 (slot 2)
DEBUG: Found collision: 65 and 127 (slot 0)
DEBUG: Found collision: 40 and 143 (slot 4)
DEBUG: Found collision: 1 and 216 (slot 1)
DEBUG: Found collision: 15 and 158 (slot 2)
DEBUG: Found collision: 26 and 190 (slot 3)
DEBUG: Found collision: 65 and 127 (slot 2)
DEBUG: Found collision: 1 and 216 (slot 3)
DEBUG: Found collision: 15 and 158 (slot 4)
DEBUG: Found collision: 40 and 143 (slot 0)
DEBUG: Found collision: 51 and 200 (slot 1)
DEBUG: Found collision: 40 and 142 (slot 3)
DEBUG: Found collision: 51 and 215 (slot 4)
DEBUG: Found collision: 1 and 205 (slot 0)
DEBUG: Found collision: 15 and 132 (slot 1)
DEBUG: Found collision: 26 and 190 (slot 2)
DEBUG: Found collision: 40 and 129 (slot 3)
DEBUG: Found collision: 51 and 215 (slot 4)
DEBUG: Found collision: 1 and 195 (slot 0)
DEBUG: Found collision: 15 and 169 (slot 1)
DEBUG: Found collision: 26 and 205 (slot 2)
DEBUG: Found collision: 65 and 163 (slot 0)
DEBUG: Found collision: 40 and 153 (slot 4)
DEBUG: Found collision: 1 and 195 (slot 1)
DEBUG: Found collision: 15 and 143 (slot 2)
DEBUG: Found collision: 26 and 216 (slot 3)
DEBUG: Found collision: 65 and 127 (slot 2)
DEBUG: Found collision: 1 and 216 (slot 3)
DEBUG: Found collision: 15 and 158 (slot 4)
DEBUG: Found collision: 40 and 143 (slot 0)
DEBUG: Found collision: 51 and 190 (slot 1)
DEBUG: Found collision: 40 and 167 (slot 3)
DEBUG: Found collision: 51 and 190 (slot 4)
DEBUG: Found collision: 1 and 206 (slot 0)
DEBUG: Found collision: 15 and 157 (slot 1)
DEBUG: Found collision: 26 and 216 (slot 2)
DEBUG: Found collision: 40 and 129 (slot 3)
DEBUG: Found collision: 51 and 215 (slot 4)
DEBUG: Found collision: 1 and 205 (slot 0)
DEBUG: Found collision: 15 and 169 (slot 1)
DEBUG: Found collision: 26 and 190 (slot 2)
DEBUG: Found collision: 65 and 127 (slot 0)
DEBUG: Found collision: 40 and 143 (slot 4)
DEBUG: Found collision: 1 and 206 (slot 1)
DEBUG: Found collision: 15 and 158 (slot 2)
DEBUG: Found collision: 26 and 216 (slot 3)
DEBUG: Found collision: 65 and 139 (slot 2)
DEBUG: Found collision: 1 and 216 (slot 3)
DEBUG: Found collision: 15 and 169 (slot 4)
DEBUG: Found collision: 40 and 129 (slot 0)
DEBUG: Found collision: 51 and 190 (slot 1)
DEBUG: Found collision: 40 and 143 (slot 3)
DEBUG: Found collision: 51 and 200 (slot 4)
DEBUG: Found collision: 1 and 216 (slot 0)
DEBUG: Found collision: 15 and 158 (slot 1)
DEBUG: Found collision: 26 and 190 (slot 2)
DEBUG: Found collision: 40 and 143 (slot 3)
DEBUG: Found collision: 51 and 190 (slot 4)
DEBUG: Found collision: 1 and 206 (slot 0)
DEBUG: Found collision: 15 and 158 (slot 1)
DEBUG: Found collision: 26 and 216 (slot 2)
DEBUG: Found collision: 65 and 139 (slot 0)
DEBUG: Found collision: 1 and 205 (slot 3)
DEBUG: Found collision: 15 and 169 (slot 4)
DEBUG: Found collision: 40 and 129 (slot 1)
DEBUG: Found collision: 51 and 215 (slot 2)
DEBUG: Found collision: 65 and 127 (slot 2)
DEBUG: Found collision: 1 and 216 (slot 3)
DEBUG: Found collision: 15 and 158 (slot 4)
DEBUG: Found collision: 40 and 143 (slot 0)
DEBUG: Found collision: 51 and 200 (slot 1)
DEBUG: Found collision: 40 and 143 (slot 3)
DEBUG: Found collision: 51 and 190 (slot 4)
DEBUG: Found collision: 1 and 206 (slot 0)
DEBUG: Found collision: 15 and 158 (slot 1)
DEBUG: Found collision: 26 and 216 (slot 2)
DEBUG: Found collision: 40 and 143 (slot 3)
DEBUG: Found collision: 51 and 200 (slot 4)
DEBUG: Found collision: 1 and 216 (slot 0)
DEBUG: Found collision: 15 and 158 (slot 1)
DEBUG: Found collision: 26 and 190 (slot 2)
DEBUG: Found collision: 65 and 127 (slot 0)
DEBUG: Found collision: 40 and 143 (slot 4)
DEBUG: Found collision: 1 and 216 (slot 1)
DEBUG: Found collision: 15 and 158 (slot 2)
DEBUG: Found collision: 26 and 190 (slot 3)
DEBUG: Found collision: 65 and 127 (slot 2)
DEBUG: Found collision: 1 and 216 (slot 3)
DEBUG: Found collision: 15 and 158 (slot 4)
DEBUG: Found collision: 40 and 143 (slot 0)
DEBUG: Found collision: 51 and 176 (slot 1)
DEBUG: Found collision: 40 and 143 (slot 3)
DEBUG: Found collision: 51 and 200 (slot 4)
DEBUG: Found collision: 1 and 216 (slot 0)
DEBUG: Found collision: 15 and 158 (slot 1)
DEBUG: Found collision: 26 and 190 (slot 2)
DEBUG: Found collision: 40 and 143 (slot 3)
DEBUG: Found collision: 51 and 200 (slot 4)
DEBUG: Found collision: 1 and 216 (slot 0)
DEBUG: Found collision: 15 and 158 (slot 1)
DEBUG: Found collision: 26 and 190 (slot 2)
DEBUG: Found collision: 65 and 139 (slot 0)
DEBUG: Found collision: 40 and 129 (slot 4)
DEBUG: Found collision: 1 and 216 (slot 1)
DEBUG: Found collision: 15 and 169 (slot 2)
DEBUG: Found collision: 26 and 190 (slot 3)
DEBUG: Found collision: 40 and 142 (slot 3)
DEBUG: Found collision: 51 and 215 (slot 4)
DEBUG: Found collision: 1 and 205 (slot 0)
DEBUG: Found collision: 15 and 132 (slot 1)
DEBUG: Found collision: 26 and 190 (slot 2)
DEBUG: Found collision: 40 and 143 (slot 3)
DEBUG: Found collision: 51 and 200 (slot 4)
DEBUG: Found collision: 1 and 216 (slot 0)
DEBUG: Found collision: 15 and 158 (slot 1)
DEBUG: Found collision: 26 and 190 (slot 2)
DEBUG: Found collision: 40 and 129 (slot 3)
DEBUG: Found collision: 51 and 190 (slot 4)
DEBUG: Found collision: 1 and 206 (slot 0)
DEBUG: Found collision: 15 and 169 (slot 1)
DEBUG: Found collision: 26 and 216 (slot 2)
DEBUG: Found collision: 65 and 127 (slot 0)
DEBUG: Found collision: 40 and 143 (slot 4)
DEBUG: Found collision: 1 and 206 (slot 1)
DEBUG: Found collision: 15 and 158 (slot 2)
DEBUG: Found collision: 26 and 216 (slot 3)
DEBUG: Found collision: 65 and 139 (slot 2)
DEBUG: Found collision: 1 and 205 (slot 3)
DEBUG: Found collision: 15 and 169 (slot 4)
DEBUG: Found collision: 40 and 129 (slot 0)
DEBUG: Found collision: 51 and 215 (slot 1)
DEBUG: Found collision: 40 and 143 (slot 3)
DEBUG: Found collision: 51 and 200 (slot 4)
DEBUG: Found collision: 1 and 216 (slot 0)
DEBUG: Found collision: 15 and 158 (slot 1)
DEBUG: Found collision: 26 and 190 (slot 2)
DEBUG: Found collision: 40 and 143 (slot 3)
DEBUG: Found collision: 51 and 190 (slot 4)
DEBUG: Found collision: 1 and 206 (slot 0)
DEBUG: Found collision: 15 and 158 (slot 1)
DEBUG: Found collision: 26 and 216 (slot 2)
DEBUG: Found collision: 65 and 127 (slot 0)
DEBUG: Found collision: 1 and 216 (slot 1)
DEBUG: Found collision: 15 and 158 (slot 2)
DEBUG: Found collision: 26 and 190 (slot 3)
DEBUG: Found collision: 31 and 26 (slot 4)
DEBUG: Found collision: 65 and 163 (slot 4)
DEBUG: Found collision: 1 and 216 (slot 0)
DEBUG: Found collision: 15 and 143 (slot 1)
DEBUG: Found collision: 26 and 190 (slot 2)
DEBUG: Found collision: 31 and 26 (slot 3)
DEBUG: Found collision: 40 and 143 (slot 4)
DEBUG: Found collision: 1 and 216 (slot 0)
DEBUG: Found collision: 15 and 158 (slot 1)
DEBUG: Found collision: 26 and 201 (slot 2)
DEBUG: Found collision: 31 and 26 (slot 3)
DEBUG: Found collision: 40 and 129 (slot 4)
DEBUG: Found collision: 1 and 216 (slot 0)
DEBUG: Found collision: 15 and 169 (slot 1)
DEBUG: Found collision: 26 and 201 (slot 2)
DEBUG: Found collision: 31 and 26 (slot 3)
DEBUG: Found collision: 65 and 152 (slot 0)
DEBUG: Found collision: 1 and 216 (slot 1)
DEBUG: Found collision: 15 and 132 (slot 2)
DEBUG: Found collision: 26 and 190 (slot 3)
DEBUG: Found collision: 31 and 26 (slot 4)
DEBUG: Found collision: 65 and 127 (slot 3)
DEBUG: Found collision: 1 and 216 (slot 4)
DEBUG: Found collision: 40 and 143 (slot 0)
DEBUG: Found collision: 51 and 190 (slot 1)
DEBUG: Found collision: 56 and 51 (slot 2)
DEBUG: Found collision: 40 and 143 (slot 4)
DEBUG: Found collision: 1 and 216 (slot 0)
DEBUG: Found collision: 15 and 158 (slot 1)
DEBUG: Found collision: 26 and 190 (slot 2)
DEBUG: Found collision: 31 and 26 (slot 3)
DEBUG: Found collision: 40 and 129 (slot 4)
DEBUG: Found collision: 1 and 205 (slot 0)
DEBUG: Found collision: 15 and 169 (slot 1)
DEBUG: Found collision: 26 and 190 (slot 2)
DEBUG: Found collision: 31 and 26 (slot 3)
DEBUG: Found collision: 65 and 127 (slot 4)
DEBUG: Found collision: 1 and 216 (slot 0)
DEBUG: Found collision: 15 and 158 (slot 1)
DEBUG: Found collision: 26 and 190 (slot 2)
DEBUG: Found collision: 31 and 26 (slot 3)
DEBUG: Found collision: 65 and 127 (slot 3)
DEBUG: Found collision: 1 and 216 (slot 4)
DEBUG: Found collision: 40 and 143 (slot 0)
DEBUG: Found collision: 51 and 200 (slot 1)
DEBUG: Found collision: 56 and 51 (slot 2)
DEBUG: Found collision: 40 and 129 (slot 4)
DEBUG: Found collision: 1 and 205 (slot 0)
DEBUG: Found collision: 15 and 144 (slot 1)
DEBUG: Found collision: 26 and 190 (slot 2)
DEBUG: Found collision: 31 and 26 (slot 3)
DEBUG: Found collision: 40 and 143 (slot 4)
DEBUG: Found collision: 1 and 216 (slot 0)
DEBUG: Found collision: 15 and 158 (slot 1)
DEBUG: Found collision: 26 and 190 (slot 2)
DEBUG: Found collision: 31 and 26 (slot 3)
DEBUG: Found collision: 96 and 65 (slot 0)
DEBUG: Found collision: 97 and 66 (slot 1)
DEBUG: Found collision: 98 and 67 (slot 2)
DEBUG: Found collision: 99 and 68 (slot 3)
DEBUG: Found collision: 122 and 91 (slot 4)
DEBUG: Found collision: 96 and 65 (slot 0)
DEBUG: Found collision: 97 and 66 (slot 1)
DEBUG: Found collision: 98 and 67 (slot 2)
DEBUG: Found collision: 99 and 68 (slot 3)
DEBUG: Found collision: 122 and 91 (slot 4)
DEBUG: Found collision: 96 and 65 (slot 0)
DEBUG: Found collision: 97 and 66 (slot 1)
DEBUG: Found collision: 98 and 67 (slot 2)
DEBUG: Found collision: 99 and 68 (slot 3)
DEBUG: Found collision: 122 and 91 (slot 4)
DEBUG: Found collision: 96 and 65 (slot 0)
DEBUG: Found collision: 97 and 66 (slot 1)
DEBUG: Found collision: 98 and 67 (slot 2)
DEBUG: Found collision: 99 and 68 (slot 3)
DEBUG: Found collision: 122 and 91 (slot 4)
DEBUG: Found collision: 96 and 65 (slot 0)
DEBUG: Found collision: 97 and 66 (slot 1)
DEBUG: Found collision: 98 and 67 (slot 2)
DEBUG: Found collision: 99 and 68 (slot 3)
DEBUG: Found collision: 122 and 91 (slot 4)
DEBUG: Found collision: 96 and 65 (slot 0)
DEBUG: Found collision: 97 and 66 (slot 1)
DEBUG: Found collision: 98 and 67 (slot 2)
DEBUG: Found collision: 99 and 68 (slot 3)
DEBUG: Found collision: 122 and 91 (slot 4)
DEBUG: Found collision: 96 and 65 (slot 0)
DEBUG: Found collision: 97 and 66 (slot 1)
DEBUG: Found collision: 98 and 67 (slot 2)
DEBUG: Found collision: 99 and 68 (slot 3)
DEBUG: Found collision: 122 and 91 (slot 4)
DEBUG: Found collision: 96 and 65 (slot 0)
DEBUG: Found collision: 97 and 66 (slot 1)
DEBUG: Found collision: 98 and 67 (slot 2)
DEBUG: Found collision: 99 and 68 (slot 3)
DEBUG: Found collision: 122 and 91 (slot 4)
DEBUG: Found collision: 96 and 65 (slot 0)
DEBUG: Found collision: 97 and 66 (slot 1)
DEBUG: Found collision: 98 and 67 (slot 2)
DEBUG: Found collision: 99 and 68 (slot 3)
DEBUG: Found collision: 122 and 91 (slot 4)
DEBUG: Found collision: 96 and 65 (slot 0)
DEBUG: Found collision: 97 and 66 (slot 1)
DEBUG: Found collision: 98 and 67 (slot 2)
DEBUG: Found collision: 99 and 68 (slot 3)
DEBUG: Found collision: 122 and 91 (slot 4)
DEBUG: Found collision: 96 and 65 (slot 0)
DEBUG: Found collision: 97 and 66 (slot 1)
DEBUG: Found collision: 98 and 67 (slot 2)
DEBUG: Found collision: 99 and 68 (slot 3)
DEBUG: Found collision: 122 and 91 (slot 4)
DEBUG: Found collision: 96 and 65 (slot 0)
DEBUG: Found collision: 97 and 66 (slot 1)
DEBUG: Found collision: 98 and 67 (slot 2)
DEBUG: Found collision: 99 and 68 (slot 3)
DEBUG: Found collision: 122 and 91 (slot 4)
DEBUG: Found collision: 96 and 65 (slot 0)
DEBUG: Found collision: 97 and 66 (slot 1)
DEBUG: Found collision: 98 and 67 (slot 2)
DEBUG: Found collision: 99 and 68 (slot 3)
DEBUG: Found collision: 122 and 91 (slot 4)
DEBUG: Found collision: 96 and 65 (slot 0)
DEBUG: Found collision: 97 and 66 (slot 1)
DEBUG: Found collision: 98 and 67 (slot 2)
DEBUG: Found collision: 99 and 68 (slot 3)
DEBUG: Found collision: 122 and 91 (slot 4)
DEBUG: Found collision: 96 and 65 (slot 0)
DEBUG: Found collision: 97 and 66 (slot 1)
DEBUG: Found collision: 98 and 67 (slot 2)
DEBUG: Found collision: 99 and 68 (slot 3)
DEBUG: Found collision: 124 and 93 (slot 4)
DEBUG: Found collision: 96 and 65 (slot 0)
DEBUG: Found collision: 97 and 66 (slot 1)
DEBUG: Found collision: 98 and 67 (slot 2)
DEBUG: Found collision: 99 and 68 (slot 3)
DEBUG: Found collision: 122 and 91 (slot 4)
DEBUG: Found collision: 96 and 65 (slot 0)
DEBUG: Found collision: 97 and 66 (slot 1)
DEBUG: Found collision: 98 and 67 (slot 2)
DEBUG: Found collision: 99 and 68 (slot 3)
DEBUG: Found collision: 122 and 91 (slot 4)
DEBUG: Found collision: 96 and 65 (slot 0)
DEBUG: Found collision: 97 and 66 (slot 1)
DEBUG: Found collision: 98 and 67 (slot 2)
DEBUG: Found collision: 99 and 68 (slot 3)
DEBUG: Found collision: 124 and 93 (slot 4)
DEBUG: Found collision: 96 and 65 (slot 0)
DEBUG: Found collision: 97 and 66 (slot 1)
DEBUG: Found collision: 98 and 67 (slot 2)
DEBUG: Found collision: 99 and 68 (slot 3)
DEBUG: Found collision: 124 and 93 (slot 4)
DEBUG: Found collision: 96 and 65 (slot 0)
DEBUG: Found collision: 97 and 66 (slot 1)
DEBUG: Found collision: 98 and 67 (slot 2)
DEBUG: Found collision: 99 and 68 (slot 3)
DEBUG: Found collision: 122 and 91 (slot 4)
DEBUG: Found collision: 96 and 65 (slot 0)
DEBUG: Found collision: 97 and 66 (slot 1)
DEBUG: Found collision: 98 and 67 (slot 2)
DEBUG: Found collision: 99 and 68 (slot 3)
DEBUG: Found collision: 122 and 91 (slot 4)
DEBUG: Found collision: 96 and 65 (slot 0)
DEBUG: Found collision: 97 and 66 (slot 1)
DEBUG: Found collision: 98 and 67 (slot 2)
DEBUG: Found collision: 99 and 68 (slot 3)
DEBUG: Found collision: 122 and 91 (slot 4)
DEBUG: Found collision: 96 and 65 (slot 0)
DEBUG: Found collision: 97 and 66 (slot 1)
DEBUG: Found collision: 98 and 67 (slot 2)
DEBUG: Found collision: 99 and 68 (slot 3)
DEBUG: Found collision: 122 and 91 (slot 4)
DEBUG: Found collision: 96 and 65 (slot 0)
DEBUG: Found collision: 97 and 66 (slot 1)
DEBUG: Found collision: 98 and 67 (slot 2)
DEBUG: Found collision: 99 and 68 (slot 3)
DEBUG: Found collision: 122 and 91 (slot 4)
DEBUG: Found collision: 96 and 65 (slot 0)
DEBUG: Found collision: 97 and 66 (slot 1)
DEBUG: Found collision: 98 and 67 (slot 2)
DEBUG: Found collision: 99 and 68 (slot 3)
DEBUG: Found collision: 122 and 91 (slot 4)
DEBUG: Found collision: 96 and 65 (slot 0)
DEBUG: Found collision: 97 and 66 (slot 1)
DEBUG: Found collision: 98 and 67 (slot 2)
DEBUG: Found collision: 99 and 68 (slot 3)
DEBUG: Found collision: 122 and 91 (slot 4)
DEBUG: Found collision: 96 and 65 (slot 0)
DEBUG: Found collision: 97 and 66 (slot 1)
DEBUG: Found collision: 98 and 67 (slot 2)
DEBUG: Found collision: 99 and 68 (slot 3)
DEBUG: Found collision: 122 and 91 (slot 4)
DEBUG: Found collision: 96 and 65 (slot 0)
DEBUG: Found collision: 97 and 66 (slot 1)
DEBUG: Found collision: 98 and 67 (slot 2)
DEBUG: Found collision: 99 and 68 (slot 3)
DEBUG: Found collision: 124 and 93 (slot 4)
DEBUG: Found collision: 96 and 65 (slot 0)
DEBUG: Found collision: 97 and 66 (slot 1)
DEBUG: Found collision: 98 and 67 (slot 2)
DEBUG: Found collision: 99 and 68 (slot 3)
DEBUG: Found collision: 122 and 91 (slot 4)
DEBUG: Found collision: 96 and 65 (slot 0)
DEBUG: Found collision: 97 and 66 (slot 1)
DEBUG: Found collision: 98 and 67 (slot 2)
DEBUG: Found collision: 99 and 68 (slot 3)
DEBUG: Found collision: 122 and 91 (slot 4)
DEBUG: Found collision: 96 and 65 (slot 0)
DEBUG: Found collision: 97 and 66 (slot 1)
DEBUG: Found collision: 98 and 67 (slot 2)
DEBUG: Found collision: 99 and 68 (slot 3)
DEBUG: Found collision: 124 and 93 (slot 4)
DEBUG: Found collision: 96 and 65 (slot 0)
DEBUG: Found collision: 97 and 66 (slot 1)
DEBUG: Found collision: 98 and 67 (slot 2)
DEBUG: Found collision: 99 and 68 (slot 3)
DEBUG: Found collision: 122 and 91 (slot 4)
DEBUG: Found collision: 96 and 65 (slot 0)
DEBUG: Found collision: 97 and 66 (slot 1)
DEBUG: Found collision: 98 and 67 (slot 2)
DEBUG: Found collision: 99 and 68 (slot 3)
DEBUG: Found collision: 124 and 93 (slot 4)
DEBUG: Found collision: 96 and 65 (slot 0)
DEBUG: Found collision: 97 and 66 (slot 1)
DEBUG: Found collision: 98 and 67 (slot 2)
DEBUG: Found collision: 99 and 68 (slot 3)
DEBUG: Found collision: 124 and 93 (slot 4)
DEBUG: Found collision: 96 and 65 (slot 0)
DEBUG: Found collision: 97 and 66 (slot 1)
DEBUG: Found collision: 98 and 67 (slot 2)
DEBUG: Found collision: 99 and 68 (slot 3)
DEBUG: Found collision: 122 and 91 (slot 4)
DEBUG: Found collision: 96 and 65 (slot 0)
DEBUG: Found collision: 97 and 66 (slot 1)
DEBUG: Found collision: 98 and 67 (slot 2)
DEBUG: Found collision: 99 and 68 (slot 3)
DEBUG: Found collision: 122 and 91 (slot 4)
DEBUG: Found collision: 96 and 65 (slot 0)
DEBUG: Found collision: 97 and 66 (slot 1)
DEBUG: Found collision: 98 and 67 (slot 2)
DEBUG: Found collision: 99 and 68 (slot 3)
DEBUG: Found collision: 122 and 91 (slot 4)
DEBUG: Found collision: 96 and 65 (slot 0)
DEBUG: Found collision: 97 and 66 (slot 1)
DEBUG: Found collision: 98 and 67 (slot 2)
DEBUG: Found collision: 99 and 68 (slot 3)
DEBUG: Found collision: 122 and 91 (slot 4)
DEBUG: Found collision: 96 and 65 (slot 0)
DEBUG: Found collision: 97 and 66 (slot 1)
DEBUG: Found collision: 98 and 67 (slot 2)
DEBUG: Found collision: 99 and 68 (slot 3)
DEBUG: Found collision: 124 and 93 (slot 4)
DEBUG: Found collision: 96 and 65 (slot 0)
DEBUG: Found collision: 97 and 66 (slot 1)
DEBUG: Found collision: 98 and 67 (slot 2)
DEBUG: Found collision: 99 and 68 (slot 3)
DEBUG: Found collision: 122 and 91 (slot 4)
DEBUG: Found collision: 96 and 65 (slot 0)
DEBUG: Found collision: 97 and 66 (slot 1)
DEBUG: Found collision: 98 and 67 (slot 2)
DEBUG: Found collision: 99 and 68 (slot 3)
DEBUG: Found collision: 122 and 91 (slot 4)
DEBUG: Found collision: 96 and 65 (slot 0)
DEBUG: Found collision: 97 and 66 (slot 1)
DEBUG: Found collision: 98 and 67 (slot 2)
DEBUG: Found collision: 99 and 68 (slot 3)
DEBUG: Found collision: 122 and 91 (slot 4)
DEBUG: Found collision: 96 and 65 (slot 0)
DEBUG: Found collision: 97 and 66 (slot 1)
DEBUG: Found collision: 98 and 67 (slot 2)
DEBUG: Found collision: 99 and 68 (slot 3)
DEBUG: Found collision: 122 and 91 (slot 4)
DEBUG: Found collision: 96 and 65 (slot 0)
DEBUG: Found collision: 97 and 66 (slot 1)
DEBUG: Found collision: 98 and 67 (slot 2)
DEBUG: Found collision: 99 and 68 (slot 3)
DEBUG: Found collision: 122 and 91 (slot 4)
DEBUG: Found collision: 96 and 65 (slot 0)
DEBUG: Found collision: 97 and 66 (slot 1)
DEBUG: Found collision: 98 and 67 (slot 2)
DEBUG: Found collision: 99 and 68 (slot 3)
DEBUG: Found collision: 122 and 91 (slot 4)
DEBUG: Found collision: 96 and 65 (slot 0)
DEBUG: Found collision: 97 and 66 (slot 1)
DEBUG: Found collision: 98 and 67 (slot 2)
DEBUG: Found collision: 99 and 68 (slot 3)
DEBUG: Found collision: 122 and 91 (slot 4)
DEBUG: Found collision: 96 and 65 (slot 0)
DEBUG: Found collision: 97 and 66 (slot 1)
DEBUG: Found collision: 98 and 67 (slot 2)
DEBUG: Found collision: 99 and 68 (slot 3)
DEBUG: Found collision: 122 and 91 (slot 4)
DEBUG: Found collision: 96 and 65 (slot 0)
DEBUG: Found collision: 97 and 66 (slot 1)
DEBUG: Found collision: 98 and 67 (slot 2)
DEBUG: Found collision: 99 and 68 (slot 3)
DEBUG: Found collision: 124 and 93 (slot 4)
DEBUG: Found collision: 96 and 65 (slot 0)
DEBUG: Found collision: 97 and 66 (slot 1)
DEBUG: Found collision: 98 and 67 (slot 2)
DEBUG: Found collision: 99 and 68 (slot 3)
DEBUG: Found collision: 124 and 93 (slot 4)
DEBUG: Found collision: 96 and 65 (slot 0)
DEBUG: Found collision: 97 and 66 (slot 1)
DEBUG: Found collision: 98 and 67 (slot 2)
DEBUG: Found collision: 99 and 68 (slot 3)
DEBUG: Found collision: 124 and 93 (slot 4)
DEBUG: Found collision: 96 and 65 (slot 0)
DEBUG: Found collision: 97 and 66 (slot 1)
DEBUG: Found collision: 98 and 67 (slot 2)
DEBUG: Found collision: 99 and 68 (slot 3)
DEBUG: Found collision: 124 and 93 (slot 4)
DEBUG: Found collision: 96 and 65 (slot 0)
DEBUG: Found collision: 97 and 66 (slot 1)
DEBUG: Found collision: 98 and 67 (slot 2)
DEBUG: Found collision: 99 and 68 (slot 3)
DEBUG: Found collision: 124 and 93 (slot 4)
DEBUG: Found collision: 96 and 65 (slot 0)
DEBUG: Found collision: 97 and 66 (slot 1)
DEBUG: Found collision: 98 and 67 (slot 2)
DEBUG: Found collision: 99 and 68 (slot 3)
DEBUG: Found collision: 124 and 93 (slot 4)
DEBUG: Found collision: 96 and 65 (slot 0)
DEBUG: Found collision: 97 and 66 (slot 1)
DEBUG: Found collision: 98 and 67 (slot 2)
DEBUG: Found collision: 99 and 68 (slot 3)
DEBUG: Found collision: 124 and 93 (slot 4)
DEBUG: Found collision: 96 and 65 (slot 0)
DEBUG: Found collision: 97 and 66 (slot 1)
DEBUG: Found collision: 98 and 67 (slot 2)
DEBUG: Found collision: 99 and 68 (slot 3)
DEBUG: Found collision: 122 and 91 (slot 4)
DEBUG: Found collision: 96 and 65 (slot 0)
DEBUG: Found collision: 97 and 66 (slot 1)
DEBUG: Found collision: 98 and 67 (slot 2)
DEBUG: Found collision: 99 and 68 (slot 3)
DEBUG: Found collision: 122 and 91 (slot 4)
DEBUG: Found collision: 96 and 65 (slot 0)
DEBUG: Found collision: 97 and 66 (slot 1)
DEBUG: Found collision: 98 and 67 (slot 2)
DEBUG: Found collision: 99 and 68 (slot 3)
DEBUG: Found collision: 122 and 91 (slot 4)
DEBUG: Found collision: 96 and 65 (slot 0)
DEBUG: Found collision: 97 and 66 (slot 1)
DEBUG: Found collision: 98 and 67 (slot 2)
DEBUG: Found collision: 99 and 68 (slot 3)
DEBUG: Found collision: 122 and 91 (slot 4)
DEBUG: Found collision: 96 and 65 (slot 0)
DEBUG: Found collision: 97 and 66 (slot 1)
DEBUG: Found collision: 98 and 67 (slot 2)
DEBUG: Found collision: 99 and 68 (slot 3)
DEBUG: Found collision: 122 and 91 (slot 4)
DEBUG: Found collision: 96 and 65 (slot 0)
DEBUG: Found collision: 97 and 66 (slot 1)
DEBUG: Found collision: 98 and 67 (slot 2)
DEBUG: Found collision: 99 and 68 (slot 3)
DEBUG: Found collision: 122 and 91 (slot 4)
DEBUG: Found collision: 96 and 65 (slot 0)
DEBUG: Found collision: 97 and 66 (slot 1)
DEBUG: Found collision: 98 and 67 (slot 2)
DEBUG: Found collision: 99 and 68 (slot 3)
DEBUG: Found collision: 124 and 93 (slot 4)
DEBUG: Found collision: 96 and 65 (slot 0)
DEBUG: Found collision: 97 and 66 (slot 1)
DEBUG: Found collision: 98 and 67 (slot 2)
DEBUG: Found collision: 99 and 68 (slot 3)
DEBUG: Found collision: 124 and 93 (slot 4)
DEBUG: Found collision: 96 and 65 (slot 0)
DEBUG: Found collision: 97 and 66 (slot 1)
DEBUG: Found collision: 98 and 67 (slot 2)
DEBUG: Found collision: 99 and 68 (slot 3)
DEBUG: Found collision: 122 and 91 (slot 4)
DEBUG: Found collision: 96 and 65 (slot 0)
DEBUG: Found collision: 97 and 66 (slot 1)
DEBUG: Found collision: 98 and 67 (slot 2)
DEBUG: Found collision: 99 and 68 (slot 3)
DEBUG: Found collision: 122 and 91 (slot 4)
DEBUG: Found collision: 0 and 206 (slot 0)
DEBUG: Found collision: 1 and 189 (slot 1)
DEBUG: Found collision: 2 and 190 (slot 2)
DEBUG: Found collision: 3 and 191 (slot 3)
DEBUG: Found collision: 4 and 192 (slot 4)
DEBUG: Found collision: 0 and 209 (slot 0)
DEBUG: Found collision: 1 and 195 (slot 1)
DEBUG: Found collision: 2 and 196 (slot 2)
DEBUG: Found collision: 3 and 197 (slot 3)
DEBUG: Found collision: 4 and 198 (slot 4)
DEBUG: Found collision: 0 and 209 (slot 0)
DEBUG: Found collision: 1 and 195 (slot 1)
DEBUG: Found collision: 2 and 196 (slot 2)
DEBUG: Found collision: 3 and 197 (slot 3)
DEBUG: Found collision: 4 and 198 (slot 4)
DEBUG: Found collision: 0 and 208 (slot 0)
DEBUG: Found collision: 1 and 189 (slot 1)
DEBUG: Found collision: 2 and 190 (slot 2)
DEBUG: Found collision: 3 and 191 (slot 3)
DEBUG: Found collision: 4 and 192 (slot 4)
DEBUG: Found collision: 65 and 127 (slot 0)
DEBUG: Found collision: 66 and 35 (slot 1)
DEBUG: Found collision: 67 and 36 (slot 2)
DEBUG: Found collision: 68 and 37 (slot 3)
DEBUG: Found collision: 69 and 38 (slot 4)
DEBUG: Found collision: 40 and 155 (slot 0)
DEBUG: Found collision: 44 and 13 (slot 1)
DEBUG: Found collision: 50 and 202 (slot 2)
DEBUG: Found collision: 51 and 182 (slot 3)
DEBUG: Found collision: 53 and 184 (slot 4)
DEBUG: Found collision: 0 and 205 (slot 0)
DEBUG: Found collision: 1 and 193 (slot 1)
DEBUG: Found collision: 2 and 195 (slot 2)
DEBUG: Found collision: 3 and 195 (slot 3)
DEBUG: Found collision: 4 and 196 (slot 4)
DEBUG: Found collision: 0 and 207 (slot 0)
DEBUG: Found collision: 1 and 188 (slot 1)
DEBUG: Found collision: 2 and 189 (slot 2)
DEBUG: Found collision: 3 and 190 (slot 3)
DEBUG: Found collision: 4 and 191 (slot 4)
DEBUG: Found collision: 0 and 204 (slot 0)
DEBUG: Found collision: 2 and 195 (slot 1)
DEBUG: Found collision: 3 and 195 (slot 2)
DEBUG: Found collision: 25 and 204 (slot 3)
DEBUG: Found collision: 27 and 195 (slot 4)
DEBUG: Found collision: 0 and 201 (slot 0)
DEBUG: Found collision: 2 and 183 (slot 1)
DEBUG: Found collision: 3 and 183 (slot 2)
DEBUG: Found collision: 4 and 184 (slot 3)
DEBUG: Found collision: 19 and 13 (slot 4)
DEBUG: Found collision: 2 and 188 (slot 0)
DEBUG: Found collision: 3 and 188 (slot 1)
DEBUG: Found collision: 4 and 189 (slot 2)
DEBUG: Found collision: 19 and 13 (slot 3)
DEBUG: Found collision: 27 and 188 (slot 4)
DEBUG: Found collision: 0 and 202 (slot 0)
DEBUG: Found collision: 1 and 190 (slot 1)
DEBUG: Found collision: 2 and 191 (slot 2)
DEBUG: Found collision: 3 and 192 (slot 3)
DEBUG: Found collision: 4 and 193 (slot 4)
DEBUG: Found collision: 0 and 204 (slot 2)
DEBUG: Found collision: 1 and 190 (slot 3)
DEBUG: Found collision: 2 and 191 (slot 4)
DEBUG: Found collision: 44 and 13 (slot 0)
DEBUG: Found collision: 54 and 188 (slot 1)
DEBUG: Found collision: 0 and 202 (slot 2)
DEBUG: Found collision: 1 and 185 (slot 3)
DEBUG: Found collision: 2 and 186 (slot 4)
DEBUG: Found collision: 44 and 13 (slot 0)
DEBUG: Found collision: 54 and 193 (slot 1)
DEBUG: Found collision: 0 and 203 (slot 0)
DEBUG: Found collision: 1 and 189 (slot 1)
DEBUG: Found collision: 2 and 190 (slot 2)
DEBUG: Found collision: 3 and 191 (slot 3)
DEBUG: Found collision: 4 and 192 (slot 4)
DEBUG: Found collision: 100 and 193 (slot 0)
DEBUG: Found collision: 101 and 187 (slot 1)
DEBUG: Found collision: 102 and 168 (slot 2)
DEBUG: Found collision: 103 and 169 (slot 3)
DEBUG: Found collision: 104 and 170 (slot 4)
DEBUG: Found collision: 0 and 193 (slot 0)
DEBUG: Found collision: 2 and 249 (slot 1)
DEBUG: Found collision: 3 and 178 (slot 2)
DEBUG: Found collision: 4 and 179 (slot 3)
DEBUG: Found collision: 16 and 10 (slot 4)
DEBUG: Found collision: 41 and 10 (slot 0)
DEBUG: Found collision: 42 and 11 (slot 1)
DEBUG: Found collision: 43 and 12 (slot 2)
DEBUG: Found collision: 44 and 13 (slot 3)
DEBUG: Found collision: 52 and 181 (slot 4)
DEBUG: Found collision: 0 and 195 (slot 0)
DEBUG: Found collision: 2 and 245 (slot 1)
DEBUG: Found collision: 16 and 10 (slot 2)
DEBUG: Found collision: 17 and 209 (slot 3)
DEBUG: Found collision: 18 and 12 (slot 4)
DEBUG: Found collision: 0 and 197 (slot 0)
DEBUG: Found collision: 16 and 10 (slot 1)
DEBUG: Found collision: 18 and 12 (slot 2)
DEBUG: Found collision: 19 and 13 (slot 3)
DEBUG: Found collision: 25 and 197 (slot 4)
DEBUG: Found collision: 0 and 195 (slot 0)
DEBUG: Found collision: 16 and 10 (slot 1)
DEBUG: Found collision: 18 and 12 (slot 2)
DEBUG: Found collision: 19 and 13 (slot 3)
DEBUG: Found collision: 25 and 195 (slot 4)
DEBUG: Found collision: 100 and 191 (slot 0)
DEBUG: Found collision: 101 and 185 (slot 1)
DEBUG: Found collision: 102 and 166 (slot 2)
DEBUG: Found collision: 103 and 167 (slot 3)
DEBUG: Found collision: 104 and 168 (slot 4)
DEBUG: Found collision: 65 and 35 (slot 0)
DEBUG: Found collision: 66 and 35 (slot 1)
DEBUG: Found collision: 67 and 36 (slot 2)
DEBUG: Found collision: 68 and 37 (slot 3)
DEBUG: Found collision: 75 and 180 (slot 4)
DEBUG: Found collision: 97 and 66 (slot 0)
DEBUG: Found collision: 100 and 191 (slot 1)
DEBUG: Found collision: 101 and 75 (slot 2)
DEBUG: Found collision: 103 and 166 (slot 3)
DEBUG: Found collision: 104 and 167 (slot 4)
DEBUG: Found collision: 0 and 237 (slot 0)
DEBUG: Found collision: 1 and 237 (slot 1)
DEBUG: Found collision: 2 and 238 (slot 2)
DEBUG: Found collision: 16 and 10 (slot 3)
DEBUG: Found collision: 17 and 205 (slot 4)
DEBUG: Found collision: 41 and 10 (slot 0)
DEBUG: Found collision: 42 and 11 (slot 1)
DEBUG: Found collision: 43 and 12 (slot 2)
DEBUG: Found collision: 44 and 13 (slot 3)
DEBUG: Found collision: 50 and 191 (slot 4)
DEBUG: Found collision: 40 and 146 (slot 0)
DEBUG: Found collision: 41 and 10 (slot 1)
DEBUG: Found collision: 42 and 11 (slot 2)
DEBUG: Found collision: 43 and 12 (slot 3)
DEBUG: Found collision: 44 and 13 (slot 4)
DEBUG: Found collision: 0 and 229 (slot 0)
DEBUG: Found collision: 1 and 229 (slot 1)
DEBUG: Found collision: 2 and 230 (slot 2)
DEBUG: Found collision: 4 and 232 (slot 3)
DEBUG: Found collision: 15 and 145 (slot 4)
DEBUG: Found collision: 0 and 229 (slot 0)
DEBUG: Found collision: 1 and 229 (slot 1)
DEBUG: Found collision: 2 and 230 (slot 2)
DEBUG: Found collision: 4 and 232 (slot 3)
DEBUG: Found collision: 15 and 154 (slot 4)
DEBUG: Found collision: 0 and 229 (slot 0)
DEBUG: Found collision: 1 and 229 (slot 1)
DEBUG: Found collision: 2 and 230 (slot 2)
DEBUG: Found collision: 4 and 232 (slot 3)
DEBUG: Found collision: 15 and 145 (slot 4)
DEBUG: Found collision: 0 and 228 (slot 0)
DEBUG: Found collision: 1 and 228 (slot 1)
DEBUG: Found collision: 2 and 229 (slot 2)
DEBUG: Found collision: 4 and 231 (slot 3)
DEBUG: Found collision: 15 and 144 (slot 4)
DEBUG: Found collision: 100 and 187 (slot 0)
DEBUG: Found collision: 101 and 75 (slot 1)
DEBUG: Found collision: 102 and 160 (slot 2)
DEBUG: Found collision: 104 and 162 (slot 3)
DEBUG: Found collision: 105 and 187 (slot 4)
DEBUG: Found collision: 0 and 232 (slot 0)
DEBUG: Found collision: 1 and 232 (slot 1)
DEBUG: Found collision: 2 and 233 (slot 2)
DEBUG: Found collision: 6 and 232 (slot 3)
DEBUG: Found collision: 7 and 233 (slot 4)
DEBUG: Found collision: 0 and 232 (slot 0)
DEBUG: Found collision: 1 and 232 (slot 1)
DEBUG: Found collision: 2 and 233 (slot 2)
DEBUG: Found collision: 6 and 232 (slot 3)
DEBUG: Found collision: 7 and 233 (slot 4)
DEBUG: Found collision: 0 and 232 (slot 0)
DEBUG: Found collision: 1 and 232 (slot 1)
DEBUG: Found collision: 2 and 233 (slot 2)
DEBUG: Found collision: 6 and 232 (slot 3)
DEBUG: Found collision: 7 and 233 (slot 4)
DEBUG: Found collision: 0 and 229 (slot 0)
DEBUG: Found collision: 1 and 229 (slot 1)
DEBUG: Found collision: 6 and 229 (slot 2)
DEBUG: Found collision: 25 and 229 (slot 3)
DEBUG: Found collision: 26 and 229 (slot 4)
DEBUG: Found collision: 0 and 226 (slot 0)
DEBUG: Found collision: 1 and 226 (slot 1)
DEBUG: Found collision: 6 and 226 (slot 2)
DEBUG: Found collision: 25 and 226 (slot 3)
DEBUG: Found collision: 26 and 226 (slot 4)
DEBUG: Found collision: 0 and 225 (slot 0)
DEBUG: Found collision: 1 and 225 (slot 1)
DEBUG: Found collision: 6 and 225 (slot 2)
DEBUG: Found collision: 25 and 225 (slot 3)
DEBUG: Found collision: 26 and 225 (slot 4)
DEBUG: Found collision: 0 and 225 (slot 0)
DEBUG: Found collision: 1 and 225 (slot 1)
DEBUG: Found collision: 6 and 225 (slot 2)
DEBUG: Found collision: 25 and 225 (slot 3)
DEBUG: Found collision: 26 and 225 (slot 4)
DEBUG: Found collision: 0 and 223 (slot 0)
DEBUG: Found collision: 1 and 223 (slot 1)
DEBUG: Found collision: 2 and 224 (slot 2)
DEBUG: Found collision: 6 and 223 (slot 3)
DEBUG: Found collision: 7 and 224 (slot 4)
DEBUG: Found collision: 0 and 223 (slot 0)
DEBUG: Found collision: 1 and 223 (slot 1)
DEBUG: Found collision: 2 and 224 (slot 2)
DEBUG: Found collision: 6 and 223 (slot 3)
DEBUG: Found collision: 7 and 224 (slot 4)
DEBUG: Found collision: 0 and 221 (slot 0)
DEBUG: Found collision: 1 and 221 (slot 1)
DEBUG: Found collision: 2 and 222 (slot 2)
DEBUG: Found collision: 6 and 221 (slot 3)
DEBUG: Found collision: 7 and 222 (slot 4)
DEBUG: Found collision: 0 and 219 (slot 0)
DEBUG: Found collision: 1 and 219 (slot 1)
DEBUG: Found collision: 2 and 220 (slot 2)
DEBUG: Found collision: 6 and 219 (slot 3)
DEBUG: Found collision: 7 and 220 (slot 4)
DEBUG: Found collision: 0 and 220 (slot 0)
DEBUG: Found collision: 1 and 220 (slot 1)
DEBUG: Found collision: 2 and 221 (slot 2)
DEBUG: Found collision: 3 and 177 (slot 3)
DEBUG: Found collision: 4 and 222 (slot 4)
DEBUG: Found collision: 65 and 35 (slot 0)
DEBUG: Found collision: 66 and 35 (slot 1)
DEBUG: Found collision: 67 and 36 (slot 2)
DEBUG: Found collision: 68 and 37 (slot 3)
DEBUG: Found collision: 69 and 38 (slot 4)
DEBUG: Found collision: 32 and 221 (slot 0)
DEBUG: Found collision: 33 and 177 (slot 1)
DEBUG: Found collision: 34 and 222 (slot 2)
DEBUG: Found collision: 40 and 143 (slot 3)
DEBUG: Found collision: 41 and 35 (slot 4)
DEBUG: Found collision: 0 and 220 (slot 0)
DEBUG: Found collision: 1 and 220 (slot 1)
DEBUG: Found collision: 2 and 221 (slot 2)
DEBUG: Found collision: 6 and 220 (slot 3)
DEBUG: Found collision: 7 and 221 (slot 4)
DEBUG: Found collision: 0 and 219 (slot 0)
DEBUG: Found collision: 1 and 219 (slot 1)
DEBUG: Found collision: 2 and 220 (slot 2)
DEBUG: Found collision: 6 and 219 (slot 3)
DEBUG: Found collision: 7 and 220 (slot 4)
DEBUG: Found collision: 0 and 219 (slot 0)
DEBUG: Found collision: 1 and 219 (slot 1)
DEBUG: Found collision: 2 and 220 (slot 2)
DEBUG: Found collision: 6 and 219 (slot 3)
DEBUG: Found collision: 7 and 220 (slot 4)
DEBUG: Found collision: 0 and 219 (slot 0)
DEBUG: Found collision: 1 and 219 (slot 1)
DEBUG: Found collision: 2 and 220 (slot 2)
DEBUG: Found collision: 6 and 219 (slot 3)
DEBUG: Found collision: 7 and 220 (slot 4)
DEBUG: Found collision: 0 and 219 (slot 0)
DEBUG: Found collision: 1 and 219 (slot 1)
DEBUG: Found collision: 2 and 220 (slot 2)
DEBUG: Found collision: 6 and 219 (slot 3)
DEBUG: Found collision: 7 and 220 (slot 4)
DEBUG: Found collision: 0 and 219 (slot 0)
DEBUG: Found collision: 1 and 219 (slot 1)
DEBUG: Found collision: 2 and 220 (slot 2)
DEBUG: Found collision: 6 and 219 (slot 3)
DEBUG: Found collision: 7 and 220 (slot 4)
DEBUG: Found collision: 0 and 219 (slot 0)
DEBUG: Found collision: 1 and 219 (slot 1)
DEBUG: Found collision: 2 and 220 (slot 2)
DEBUG: Found collision: 6 and 219 (slot 3)
DEBUG: Found collision: 7 and 220 (slot 4)
DEBUG: Found collision: 0 and 219 (slot 0)
DEBUG: Found collision: 1 and 219 (slot 1)
DEBUG: Found collision: 2 and 220 (slot 2)
DEBUG: Found collision: 6 and 219 (slot 3)
DEBUG: Found collision: 7 and 220 (slot 4)
DEBUG: Found collision: 0 and 219 (slot 0)
DEBUG: Found collision: 1 and 219 (slot 1)
DEBUG: Found collision: 2 and 220 (slot 2)
DEBUG: Found collision: 6 and 219 (slot 3)
DEBUG: Found collision: 7 and 220 (slot 4)
DEBUG: Found collision: 0 and 219 (slot 0)
DEBUG: Found collision: 1 and 219 (slot 1)
DEBUG: Found collision: 2 and 220 (slot 2)
DEBUG: Found collision: 6 and 219 (slot 3)
DEBUG: Found collision: 7 and 220 (slot 4)
DEBUG: Found collision: 0 and 217 (slot 0)
DEBUG: Found collision: 1 and 217 (slot 1)
DEBUG: Found collision: 2 and 218 (slot 2)
DEBUG: Found collision: 6 and 217 (slot 3)
DEBUG: Found collision: 7 and 218 (slot 4)
DEBUG: Found collision: 0 and 217 (slot 0)
DEBUG: Found collision: 1 and 217 (slot 1)
DEBUG: Found collision: 2 and 218 (slot 2)
DEBUG: Found collision: 3 and 175 (slot 3)
DEBUG: Found collision: 6 and 217 (slot 4)
DEBUG: Found collision: 0 and 219 (slot 0)
DEBUG: Found collision: 1 and 219 (slot 1)
DEBUG: Found collision: 2 and 220 (slot 2)
DEBUG: Found collision: 3 and 176 (slot 3)
DEBUG: Found collision: 6 and 219 (slot 4)
DEBUG: Found collision: 0 and 216 (slot 0)
DEBUG: Found collision: 1 and 216 (slot 1)
DEBUG: Found collision: 2 and 217 (slot 2)
DEBUG: Found collision: 6 and 216 (slot 3)
DEBUG: Found collision: 7 and 217 (slot 4)
DEBUG: Found collision: 0 and 216 (slot 0)
DEBUG: Found collision: 1 and 216 (slot 1)
DEBUG: Found collision: 2 and 217 (slot 2)
DEBUG: Found collision: 6 and 216 (slot 3)
DEBUG: Found collision: 7 and 217 (slot 4)
DEBUG: Found collision: 0 and 216 (slot 0)
DEBUG: Found collision: 1 and 216 (slot 1)
DEBUG: Found collision: 2 and 217 (slot 2)
DEBUG: Found collision: 6 and 216 (slot 3)
DEBUG: Found collision: 7 and 217 (slot 4)
DEBUG: Found collision: 0 and 214 (slot 0)
DEBUG: Found collision: 1 and 214 (slot 1)
DEBUG: Found collision: 2 and 215 (slot 2)
DEBUG: Found collision: 6 and 214 (slot 3)
DEBUG: Found collision: 7 and 215 (slot 4)
DEBUG: Found collision: 0 and 214 (slot 0)
DEBUG: Found collision: 1 and 214 (slot 1)
DEBUG: Found collision: 2 and 215 (slot 2)
DEBUG: Found collision: 6 and 214 (slot 3)
DEBUG: Found collision: 7 and 215 (slot 4)
DEBUG: Found collision: 0 and 214 (slot 0)
DEBUG: Found collision: 1 and 214 (slot 1)
DEBUG: Found collision: 2 and 215 (slot 2)
DEBUG: Found collision: 6 and 214 (slot 3)
DEBUG: Found collision: 7 and 215 (slot 4)
DEBUG: Found collision: 0 and 214 (slot 0)
DEBUG: Found collision: 1 and 214 (slot 1)
DEBUG: Found collision: 2 and 215 (slot 2)
DEBUG: Found collision: 6 and 214 (slot 3)
DEBUG: Found collision: 7 and 215 (slot 4)
DEBUG: Found collision: 0 and 215 (slot 0)
DEBUG: Found collision: 1 and 215 (slot 1)
DEBUG: Found collision: 2 and 216 (slot 2)
DEBUG: Found collision: 6 and 215 (slot 3)
DEBUG: Found collision: 7 and 216 (slot 4)
DEBUG: Found collision: 0 and 215 (slot 0)
DEBUG: Found collision: 1 and 215 (slot 1)
DEBUG: Found collision: 2 and 216 (slot 2)
DEBUG: Found collision: 6 and 215 (slot 3)
DEBUG: Found collision: 7 and 216 (slot 4)
DEBUG: Found collision: 0 and 215 (slot 0)
DEBUG: Found collision: 1 and 215 (slot 1)
DEBUG: Found collision: 2 and 216 (slot 2)
DEBUG: Found collision: 6 and 215 (slot 3)
DEBUG: Found collision: 7 and 216 (slot 4)
DEBUG: Found collision: 0 and 215 (slot 0)
DEBUG: Found collision: 1 and 215 (slot 1)
DEBUG: Found collision: 2 and 216 (slot 2)
DEBUG: Found collision: 6 and 215 (slot 3)
DEBUG: Found collision: 7 and 216 (slot 4)
DEBUG: Found collision: 0 and 215 (slot 0)
DEBUG: Found collision: 1 and 215 (slot 1)
DEBUG: Found collision: 2 and 216 (slot 2)
DEBUG: Found collision: 6 and 215 (slot 3)
DEBUG: Found collision: 7 and 216 (slot 4)
DEBUG: Found collision: 0 and 214 (slot 0)
DEBUG: Found collision: 1 and 214 (slot 1)
DEBUG: Found collision: 2 and 215 (slot 2)
DEBUG: Found collision: 6 and 214 (slot 3)
DEBUG: Found collision: 7 and 215 (slot 4)
DEBUG: Found collision: 0 and 214 (slot 0)
DEBUG: Found collision: 1 and 214 (slot 1)
DEBUG: Found collision: 2 and 215 (slot 2)
DEBUG: Found collision: 6 and 214 (slot 3)
DEBUG: Found collision: 7 and 215 (slot 4)
DEBUG: Found collision: 0 and 214 (slot 0)
DEBUG: Found collision: 1 and 214 (slot 1)
DEBUG: Found collision: 2 and 215 (slot 2)
DEBUG: Found collision: 6 and 214 (slot 3)
DEBUG: Found collision: 7 and 215 (slot 4)
DEBUG: Found collision: 0 and 214 (slot 0)
DEBUG: Found collision: 1 and 214 (slot 1)
DEBUG: Found collision: 2 and 215 (slot 2)
DEBUG: Found collision: 6 and 214 (slot 3)
DEBUG: Found collision: 7 and 215 (slot 4)
DEBUG: Found collision: 0 and 214 (slot 0)
DEBUG: Found collision: 1 and 214 (slot 1)
DEBUG: Found collision: 2 and 215 (slot 2)
DEBUG: Found collision: 6 and 214 (slot 3)
DEBUG: Found collision: 7 and 215 (slot 4)
DEBUG: Found collision: 0 and 214 (slot 0)
DEBUG: Found collision: 1 and 214 (slot 1)
DEBUG: Found collision: 2 and 215 (slot 2)
DEBUG: Found collision: 6 and 214 (slot 3)
DEBUG: Found collision: 7 and 215 (slot 4)
DEBUG: Found collision: 0 and 214 (slot 0)
DEBUG: Found collision: 1 and 214 (slot 1)
DEBUG: Found collision: 2 and 215 (slot 2)
DEBUG: Found collision: 6 and 214 (slot 3)
DEBUG: Found collision: 7 and 215 (slot 4)
DEBUG: Found collision: 0 and 214 (slot 0)
DEBUG: Found collision: 1 and 214 (slot 1)
DEBUG: Found collision: 2 and 215 (slot 2)
DEBUG: Found collision: 6 and 214 (slot 3)
DEBUG: Found collision: 7 and 215 (slot 4)
DEBUG: Found collision: 0 and 214 (slot 0)
DEBUG: Found collision: 1 and 214 (slot 1)
DEBUG: Found collision: 2 and 215 (slot 2)
DEBUG: Found collision: 6 and 214 (slot 3)
DEBUG: Found collision: 7 and 215 (slot 4)
DEBUG: Found collision: 0 and 214 (slot 0)
DEBUG: Found collision: 1 and 214 (slot 1)
DEBUG: Found collision: 2 and 215 (slot 2)
DEBUG: Found collision: 6 and 214 (slot 3)
DEBUG: Found collision: 7 and 215 (slot 4)
DEBUG: Found collision: 0 and 214 (slot 0)
DEBUG: Found collision: 1 and 214 (slot 1)
DEBUG: Found collision: 2 and 215 (slot 2)
DEBUG: Found collision: 6 and 214 (slot 3)
DEBUG: Found collision: 7 and 215 (slot 4)
DEBUG: Found collision: 0 and 214 (slot 0)
DEBUG: Found collision: 1 and 214 (slot 1)
DEBUG: Found collision: 2 and 215 (slot 2)
DEBUG: Found collision: 6 and 214 (slot 3)
DEBUG: Found collision: 7 and 215 (slot 4)
DEBUG: Found collision: 0 and 214 (slot 0)
DEBUG: Found collision: 1 and 214 (slot 1)
DEBUG: Found collision: 2 and 215 (slot 2)
DEBUG: Found collision: 6 and 214 (slot 3)
DEBUG: Found collision: 7 and 215 (slot 4)
DEBUG: Found collision: 0 and 214 (slot 0)
DEBUG: Found collision: 1 and 214 (slot 1)
DEBUG: Found collision: 2 and 215 (slot 2)
DEBUG: Found collision: 6 and 214 (slot 3)
DEBUG: Found collision: 7 and 215 (slot 4)
DEBUG: Found collision: 0 and 214 (slot 0)
DEBUG: Found collision: 1 and 214 (slot 1)
DEBUG: Found collision: 2 and 215 (slot 2)
DEBUG: Found collision: 6 and 214 (slot 3)
DEBUG: Found collision: 7 and 215 (slot 4)
DEBUG: Found collision: 0 and 214 (slot 0)
DEBUG: Found collision: 1 and 214 (slot 1)
DEBUG: Found collision: 2 and 215 (slot 2)
DEBUG: Found collision: 6 and 214 (slot 3)
DEBUG: Found collision: 7 and 215 (slot 4)
DEBUG: Found collision: 0 and 214 (slot 0)
DEBUG: Found collision: 1 and 214 (slot 1)
DEBUG: Found collision: 6 and 214 (slot 2)
DEBUG: Found collision: 15 and 10 (slot 3)
DEBUG: Found collision: 16 and 10 (slot 4)
DEBUG: Found collision: 0 and 214 (slot 0)
DEBUG: Found collision: 1 and 214 (slot 1)
DEBUG: Found collision: 6 and 214 (slot 2)
DEBUG: Found collision: 15 and 10 (slot 3)
DEBUG: Found collision: 16 and 10 (slot 4)
DEBUG: Found collision: 0 and 214 (slot 0)
DEBUG: Found collision: 1 and 214 (slot 1)
DEBUG: Found collision: 6 and 214 (slot 2)
DEBUG: Found collision: 15 and 10 (slot 3)
DEBUG: Found collision: 16 and 10 (slot 4)
DEBUG: Found collision: 0 and 214 (slot 0)
DEBUG: Found collision: 1 and 214 (slot 1)
DEBUG: Found collision: 6 and 214 (slot 2)
DEBUG: Found collision: 15 and 10 (slot 3)
DEBUG: Found collision: 16 and 10 (slot 4)
DEBUG: Found collision: 0 and 214 (slot 0)
DEBUG: Found collision: 1 and 214 (slot 1)
DEBUG: Found collision: 6 and 214 (slot 2)
DEBUG: Found collision: 15 and 10 (slot 3)
DEBUG: Found collision: 16 and 10 (slot 4)
DEBUG: Found collision: 0 and 214 (slot 0)
DEBUG: Found collision: 1 and 214 (slot 1)
DEBUG: Found collision: 6 and 214 (slot 2)
DEBUG: Found collision: 15 and 10 (slot 3)
DEBUG: Found collision: 16 and 10 (slot 4)
DEBUG: Found collision: 0 and 214 (slot 0)
DEBUG: Found collision: 1 and 214 (slot 1)
DEBUG: Found collision: 2 and 215 (slot 2)
DEBUG: Found collision: 6 and 214 (slot 3)
DEBUG: Found collision: 7 and 215 (slot 4)
DEBUG: Found collision: 0 and 214 (slot 0)
DEBUG: Found collision: 1 and 214 (slot 1)
DEBUG: Found collision: 2 and 215 (slot 2)
DEBUG: Found collision: 6 and 214 (slot 3)
DEBUG: Found collision: 7 and 215 (slot 4)
DEBUG: Found collision: 0 and 214 (slot 0)
DEBUG: Found collision: 1 and 214 (slot 1)
DEBUG: Found collision: 2 and 215 (slot 2)
DEBUG: Found collision: 6 and 214 (slot 3)
DEBUG: Found collision: 7 and 215 (slot 4)
DEBUG: Found collision: 0 and 214 (slot 0)
DEBUG: Found collision: 1 and 214 (slot 1)
DEBUG: Found collision: 2 and 215 (slot 2)
DEBUG: Found collision: 6 and 214 (slot 3)
DEBUG: Found collision: 7 and 215 (slot 4)
DEBUG: Found collision: 0 and 214 (slot 0)
DEBUG: Found collision: 1 and 214 (slot 1)
DEBUG: Found collision: 2 and 215 (slot 2)
DEBUG: Found collision: 6 and 214 (slot 3)
DEBUG: Found collision: 7 and 215 (slot 4)
DEBUG: Found collision: 0 and 214 (slot 0)
DEBUG: Found collision: 1 and 214 (slot 1)
DEBUG: Found collision: 2 and 215 (slot 2)
DEBUG: Found collision: 6 and 214 (slot 3)
DEBUG: Found collision: 7 and 215 (slot 4)
DEBUG: Found collision: 0 and 214 (slot 0)
DEBUG: Found collision: 1 and 214 (slot 1)
DEBUG: Found collision: 2 and 215 (slot 2)
DEBUG: Found collision: 6 and 214 (slot 3)
DEBUG: Found collision: 7 and 215 (slot 4)
DEBUG: Found collision: 0 and 214 (slot 0)
DEBUG: Found collision: 1 and 214 (slot 1)
DEBUG: Found collision: 2 and 215 (slot 2)
DEBUG: Found collision: 6 and 214 (slot 3)
DEBUG: Found collision: 7 and 215 (slot 4)
DEBUG: Found collision: 33 and 173 (slot 0)
DEBUG: Found collision: 40 and 10 (slot 1)
DEBUG: Found collision: 41 and 10 (slot 2)
DEBUG: Found collision: 42 and 11 (slot 3)
DEBUG: Found collision: 43 and 12 (slot 4)
DEBUG: Found collision: 33 and 173 (slot 0)
DEBUG: Found collision: 40 and 10 (slot 1)
DEBUG: Found collision: 41 and 10 (slot 2)
DEBUG: Found collision: 42 and 11 (slot 3)
DEBUG: Found collision: 43 and 12 (slot 4)
Result: Max Overlap = 0.7143
Max Particle Distance from Origin: 4.5745 (Limit L/2=5.4695)
Traceback (most recent call last):
  File "/home/frankp/Codes/dem-gpu/tests/test_physics.py", line 157, in <module>
    p2 = run_simulation(125, 0.40, steps=300)
  File "/home/frankp/Codes/dem-gpu/tests/test_physics.py", line 116, in run_simulation
    sim.write_vtp(vtp_filename)
    ^^^^^^^^^^^^^
AttributeError: 'demgpu.Simulation' object has no attribute 'write_vtp'
